<?xml version="1.0" encoding="utf-8"?><testsuites name="pytest tests"><testsuite name="pytest" errors="0" failures="0" skipped="0" tests="7" time="2.525" timestamp="2026-06-14T01:16:13.437053+00:00" hostname="agent-env-720876eb-de73-4840-91bd-19cf23fab78e"><testcase classname="tests.test_notifications_phase_6e" name="test_list_notifications_empty" time="0.714" /><testcase classname="tests.test_notifications_phase_6e" name="test_unread_count_zero" time="0.349" /><testcase classname="tests.test_notifications_phase_6e" name="test_get_preferences_returns_all_keys" time="0.169" /><testcase classname="tests.test_notifications_phase_6e" name="test_patch_preferences_then_get_reflects" time="0.274" /><testcase classname="tests.test_notifications_phase_6e" name="test_send_test_in_sandbox_propagates_403" time="0.325" /><testcase classname="tests.test_notifications_phase_6e" name="test_team_invitation_returns_email_sent_and_email_error" time="0.626" /><testcase classname="tests.test_notifications_phase_6e" name="test_unauthenticated_returns_401" time="0.002" /></testsuite></testsuites>