<?xml version="1.0" encoding="utf-8"?><testsuites name="pytest tests"><testsuite name="pytest" errors="0" failures="0" skipped="0" tests="13" time="3.961" timestamp="2026-06-13T20:39:55.832364+00:00" hostname="agent-env-720876eb-de73-4840-91bd-19cf23fab78e"><testcase classname="backend.tests.test_settings_phase_6a.TestAuthGuard" name="test_company_get_without_token_returns_401" time="0.190" /><testcase classname="backend.tests.test_settings_phase_6a.TestAuthGuard" name="test_team_get_without_token_returns_401" time="0.096" /><testcase classname="backend.tests.test_settings_phase_6a.TestAuthGuard" name="test_company_patch_without_token_returns_401" time="0.170" /><testcase classname="backend.tests.test_settings_phase_6a.TestCompany" name="test_get_company" time="0.994" /><testcase classname="backend.tests.test_settings_phase_6a.TestCompany" name="test_patch_company_updates_website" time="0.516" /><testcase classname="backend.tests.test_settings_phase_6a.TestCompany" name="test_patch_company_whitelist_ignores_plan" time="0.484" /><testcase classname="backend.tests.test_settings_phase_6a.TestCompany" name="test_patch_company_missing_company_id_returns_400" time="0.162" /><testcase classname="backend.tests.test_settings_phase_6a.TestCompany" name="test_patch_company_no_valid_field_returns_400" time="0.154" /><testcase classname="backend.tests.test_settings_phase_6a.TestTeam" name="test_get_team" time="0.259" /><testcase classname="backend.tests.test_settings_phase_6a.TestTeam" name="test_cancel_unknown_invitation_returns_404" time="0.212" /><testcase classname="backend.tests.test_settings_phase_6a.TestTeam" name="test_patch_member_missing_company_id_returns_400" time="0.184" /><testcase classname="backend.tests.test_settings_phase_6a.TestTeam" name="test_patch_member_no_valid_field_returns_400" time="0.152" /><testcase classname="backend.tests.test_settings_phase_6a.TestTeam" name="test_patch_member_unknown_user_returns_404" time="0.225" /></testsuite></testsuites>