<?xml version="1.0" encoding="utf-8"?><testsuites name="pytest tests"><testsuite name="pytest" errors="0" failures="0" skipped="0" tests="10" time="4.395" timestamp="2026-06-13T20:50:59.325381+00:00" hostname="agent-env-720876eb-de73-4840-91bd-19cf23fab78e"><testcase classname="backend.tests.test_team_invitations_phase_6a.TestCreateInvitation" name="test_create_invitation_success" time="0.824" /><testcase classname="backend.tests.test_team_invitations_phase_6a.TestCreateInvitation" name="test_create_invitation_invalid_role" time="0.167" /><testcase classname="backend.tests.test_team_invitations_phase_6a.TestCreateInvitation" name="test_create_invitation_invalid_role_foo" time="0.199" /><testcase classname="backend.tests.test_team_invitations_phase_6a.TestCreateInvitation" name="test_create_invitation_malformed_email" time="0.161" /><testcase classname="backend.tests.test_team_invitations_phase_6a.TestCreateInvitation" name="test_create_invitation_missing_company_id" time="0.169" /><testcase classname="backend.tests.test_team_invitations_phase_6a.TestCreateInvitation" name="test_create_invitation_missing_email" time="0.199" /><testcase classname="backend.tests.test_team_invitations_phase_6a.TestCreateInvitation" name="test_create_invitation_existing_member_returns_409" time="0.291" /><testcase classname="backend.tests.test_team_invitations_phase_6a.TestCreateInvitation" name="test_create_invitation_duplicate_pending_returns_409" time="0.538" /><testcase classname="backend.tests.test_team_invitations_phase_6a.TestCreateInvitation" name="test_create_invitation_without_token_returns_401" time="0.134" /><testcase classname="backend.tests.test_team_invitations_phase_6a.TestCancelInvitation" name="test_cancel_invitation_success_and_idempotent" time="1.627" /></testsuite></testsuites>