<?xml version="1.0" encoding="utf-8"?><testsuites name="pytest tests"><testsuite name="pytest" errors="0" failures="0" skipped="0" tests="14" time="4.854" timestamp="2026-06-14T00:41:00.016491+00:00" hostname="agent-env-720876eb-de73-4840-91bd-19cf23fab78e"><testcase classname="voicedesk_project.voicedesk.backend.tests.test_email_accounts_phase_6b" name="test_crypto_roundtrip_and_tampering" time="0.646" /><testcase classname="voicedesk_project.voicedesk.backend.tests.test_email_accounts_phase_6b" name="test_get_providers" time="0.061" /><testcase classname="voicedesk_project.voicedesk.backend.tests.test_email_accounts_phase_6b" name="test_no_auth_401" time="0.003" /><testcase classname="voicedesk_project.voicedesk.backend.tests.test_email_accounts_phase_6b" name="test_list_empty" time="0.129" /><testcase classname="voicedesk_project.voicedesk.backend.tests.test_email_accounts_phase_6b" name="test_test_connection_unreachable_hosts" time="0.156" /><testcase classname="voicedesk_project.voicedesk.backend.tests.test_email_accounts_phase_6b" name="test_test_connection_missing_fields" time="0.064" /><testcase classname="voicedesk_project.voicedesk.backend.tests.test_email_accounts_phase_6b" name="test_create_success_password_masked" time="0.196" /><testcase classname="voicedesk_project.voicedesk.backend.tests.test_email_accounts_phase_6b" name="test_password_encrypted_in_db" time="0.321" /><testcase classname="voicedesk_project.voicedesk.backend.tests.test_email_accounts_phase_6b" name="test_is_primary_unique_partial" time="0.867" /><testcase classname="voicedesk_project.voicedesk.backend.tests.test_email_accounts_phase_6b" name="test_create_missing_fields" time="0.122" /><testcase classname="voicedesk_project.voicedesk.backend.tests.test_email_accounts_phase_6b" name="test_create_invalid_provider" time="0.124" /><testcase classname="voicedesk_project.voicedesk.backend.tests.test_email_accounts_phase_6b" name="test_create_duplicate_email_returns_409" time="0.314" /><testcase classname="voicedesk_project.voicedesk.backend.tests.test_email_accounts_phase_6b" name="test_list_returns_imap_joined_no_password" time="0.326" /><testcase classname="voicedesk_project.voicedesk.backend.tests.test_email_accounts_phase_6b" name="test_delete_cascades_imap" time="1.437" /></testsuite></testsuites>