<?xml version="1.0" encoding="utf-8"?><testsuites name="pytest tests"><testsuite name="pytest" errors="0" failures="0" skipped="0" tests="17" time="5.522" timestamp="2026-06-13T19:23:26.906272+00:00" hostname="agent-env-720876eb-de73-4840-91bd-19cf23fab78e"><testcase classname="voicedesk_project.voicedesk.backend.tests.test_reports_phase_b.TestCSVExport" name="test_csv_unauthenticated_401" time="0.258" /><testcase classname="voicedesk_project.voicedesk.backend.tests.test_reports_phase_b.TestCSVExport" name="test_csv_missing_company_400" time="0.747" /><testcase classname="voicedesk_project.voicedesk.backend.tests.test_reports_phase_b.TestCSVExport" name="test_csv_week_headers_and_content" time="0.372" /><testcase classname="voicedesk_project.voicedesk.backend.tests.test_reports_phase_b.TestCSVExport" name="test_csv_all_periods[today-Aujourd'hui]" time="0.299" /><testcase classname="voicedesk_project.voicedesk.backend.tests.test_reports_phase_b.TestCSVExport" name="test_csv_all_periods[week-7 derniers jours]" time="0.309" /><testcase classname="voicedesk_project.voicedesk.backend.tests.test_reports_phase_b.TestCSVExport" name="test_csv_all_periods[month-Ce mois-ci]" time="0.309" /><testcase classname="voicedesk_project.voicedesk.backend.tests.test_reports_phase_b.TestCSVExport" name="test_csv_all_periods[year-Cette ann\xe9e]" time="0.266" /><testcase classname="voicedesk_project.voicedesk.backend.tests.test_reports_phase_b.TestCSVExport" name="test_csv_empty_company_no_crash" time="0.311" /><testcase classname="voicedesk_project.voicedesk.backend.tests.test_reports_phase_b.TestPDFExport" name="test_pdf_unauthenticated_401" time="0.125" /><testcase classname="voicedesk_project.voicedesk.backend.tests.test_reports_phase_b.TestPDFExport" name="test_pdf_missing_company_400" time="0.147" /><testcase classname="voicedesk_project.voicedesk.backend.tests.test_reports_phase_b.TestPDFExport" name="test_pdf_week_signature_and_size" time="0.298" /><testcase classname="voicedesk_project.voicedesk.backend.tests.test_reports_phase_b.TestPDFExport" name="test_pdf_all_periods[today]" time="0.303" /><testcase classname="voicedesk_project.voicedesk.backend.tests.test_reports_phase_b.TestPDFExport" name="test_pdf_all_periods[week]" time="0.273" /><testcase classname="voicedesk_project.voicedesk.backend.tests.test_reports_phase_b.TestPDFExport" name="test_pdf_all_periods[month]" time="0.274" /><testcase classname="voicedesk_project.voicedesk.backend.tests.test_reports_phase_b.TestPDFExport" name="test_pdf_all_periods[year]" time="0.277" /><testcase classname="voicedesk_project.voicedesk.backend.tests.test_reports_phase_b.TestPDFExport" name="test_pdf_empty_company_no_crash" time="0.315" /><testcase classname="voicedesk_project.voicedesk.backend.tests.test_reports_phase_b.TestCoherence" name="test_csv_roi_matches_summary_endpoint" time="0.549" /></testsuite></testsuites>