<?xml version="1.0" encoding="utf-8"?><testsuites name="pytest tests"><testsuite name="pytest" errors="0" failures="0" skipped="0" tests="14" time="2.385" timestamp="2026-06-13T19:11:53.964318+00:00" hostname="agent-env-720876eb-de73-4840-91bd-19cf23fab78e"><testcase classname="voicedesk_project.voicedesk.backend.tests.test_reports_phase_a.TestAuth" name="test_missing_token_returns_401" time="0.129" /><testcase classname="voicedesk_project.voicedesk.backend.tests.test_reports_phase_a.TestAuth" name="test_invalid_token_returns_401" time="0.230" /><testcase classname="voicedesk_project.voicedesk.backend.tests.test_reports_phase_a.TestValidation" name="test_missing_company_id_returns_400" time="0.552" /><testcase classname="voicedesk_project.voicedesk.backend.tests.test_reports_phase_a.TestPeriods" name="test_period_schema_and_granularity[today-hour]" time="0.263" /><testcase classname="voicedesk_project.voicedesk.backend.tests.test_reports_phase_a.TestPeriods" name="test_period_schema_and_granularity[week-day]" time="0.227" /><testcase classname="voicedesk_project.voicedesk.backend.tests.test_reports_phase_a.TestPeriods" name="test_period_schema_and_granularity[month-day]" time="0.215" /><testcase classname="voicedesk_project.voicedesk.backend.tests.test_reports_phase_a.TestPeriods" name="test_period_schema_and_granularity[year-month]" time="0.219" /><testcase classname="voicedesk_project.voicedesk.backend.tests.test_reports_phase_a.TestGarageTremblayWeek" name="test_total_handled_equals_calls_plus_emails" time="0.248" /><testcase classname="voicedesk_project.voicedesk.backend.tests.test_reports_phase_a.TestGarageTremblayWeek" name="test_saved_seconds_non_negative_and_consistent" time="0.000" /><testcase classname="voicedesk_project.voicedesk.backend.tests.test_reports_phase_a.TestGarageTremblayWeek" name="test_saved_cad_math" time="0.000" /><testcase classname="voicedesk_project.voicedesk.backend.tests.test_reports_phase_a.TestGarageTremblayWeek" name="test_hourly_rate_is_configured" time="0.000" /><testcase classname="voicedesk_project.voicedesk.backend.tests.test_reports_phase_a.TestGarageTremblayWeek" name="test_recovery_rate_pct_in_bounds" time="0.000" /><testcase classname="voicedesk_project.voicedesk.backend.tests.test_reports_phase_a.TestGarageTremblayWeek" name="test_garage_has_meaningful_data" time="0.000" /><testcase classname="voicedesk_project.voicedesk.backend.tests.test_reports_phase_a.TestEmptyCompany" name="test_empty_company_returns_zeros" time="0.209" /></testsuite></testsuites>