<?xml version="1.0" encoding="utf-8"?><testsuites name="pytest tests"><testsuite name="pytest" errors="0" failures="0" skipped="0" tests="10" time="1.904" timestamp="2026-06-14T01:04:21.446927+00:00" hostname="agent-env-720876eb-de73-4840-91bd-19cf23fab78e"><testcase classname="voicedesk_project.voicedesk.backend.tests.test_twilio_config_phase_6d" name="test_get_returns_null_when_empty" time="0.598" /><testcase classname="voicedesk_project.voicedesk.backend.tests.test_twilio_config_phase_6d" name="test_post_test_rejects_malformed_sid" time="0.064" /><testcase classname="voicedesk_project.voicedesk.backend.tests.test_twilio_config_phase_6d" name="test_post_test_valid_format_but_fake_creds_returns_401_message" time="0.207" /><testcase classname="voicedesk_project.voicedesk.backend.tests.test_twilio_config_phase_6d" name="test_put_rejects_non_e164_phone" time="0.066" /><testcase classname="voicedesk_project.voicedesk.backend.tests.test_twilio_config_phase_6d" name="test_put_rejects_malformed_sid" time="0.062" /><testcase classname="voicedesk_project.voicedesk.backend.tests.test_twilio_config_phase_6d" name="test_put_save_with_valid_format_fake_creds" time="0.180" /><testcase classname="voicedesk_project.voicedesk.backend.tests.test_twilio_config_phase_6d" name="test_get_after_put_returns_saved_config_without_auth_token" time="0.123" /><testcase classname="voicedesk_project.voicedesk.backend.tests.test_twilio_config_phase_6d" name="test_delete_removes_config" time="0.257" /><testcase classname="voicedesk_project.voicedesk.backend.tests.test_twilio_config_phase_6d" name="test_get_missing_company_id_returns_400" time="0.060" /><testcase classname="voicedesk_project.voicedesk.backend.tests.test_twilio_config_phase_6d" name="test_delete_missing_company_id_returns_400" time="0.206" /></testsuite></testsuites>