<?xml version="1.0" encoding="utf-8"?><testsuites name="pytest tests"><testsuite name="pytest" errors="0" failures="8" skipped="0" tests="15" time="14.178" timestamp="2026-06-14T08:15:14.965880+00:00" hostname="agent-env-720876eb-de73-4840-91bd-19cf23fab78e"><testcase classname="voicedesk_project.voicedesk.backend.tests.test_phase8a_voice.TestInboundWebhook" name="test_inbound_unknown_number_returns_hangup" time="0.369" /><testcase classname="voicedesk_project.voicedesk.backend.tests.test_phase8a_voice.TestInboundWebhook" name="test_inbound_configured_number_returns_connect_relay" time="0.651" /><testcase classname="voicedesk_project.voicedesk.backend.tests.test_phase8a_voice.TestInboundWebhook" name="test_inbound_creates_call_row_and_started_event" time="0.896"><failure message="AssertionError: call row not created: {'code': '42703', 'details': None, 'hint': None, 'message': 'column calls.direction does not exist'}&#10;assert 4 == 1&#10; +  where 4 = len({'code': '42703', 'details': None, 'hint': None, 'message': 'column calls.direction does not exist'})">E   AssertionError: call row not created: {'code': '42703', 'details': None, 'hint': None, 'message': 'column calls.direction does not exist'}
    assert 4 == 1
     +  where 4 = len({'code': '42703', 'details': None, 'hint': None, 'message': 'column calls.direction does not exist'})</failure></testcase><testcase classname="voicedesk_project.voicedesk.backend.tests.test_phase8a_voice.TestStatusWebhook" name="test_status_completed_marks_ended" time="1.426"><failure message="IndexError: list index out of range">E   IndexError: list index out of range</failure></testcase><testcase classname="voicedesk_project.voicedesk.backend.tests.test_phase8a_voice.TestStatusWebhook" name="test_status_ringing_sets_live_status" time="1.257"><failure message="IndexError: list index out of range">E   IndexError: list index out of range</failure></testcase><testcase classname="voicedesk_project.voicedesk.backend.tests.test_phase8a_voice.TestStatusWebhook" name="test_status_failed_marks_failed_and_error_event" time="1.280"><failure message="IndexError: list index out of range">E   IndexError: list index out of range</failure></testcase><testcase classname="voicedesk_project.voicedesk.backend.tests.test_phase8a_voice.TestRelayAction" name="test_relay_action_returns_hangup" time="0.002" /><testcase classname="voicedesk_project.voicedesk.backend.tests.test_phase8a_voice.TestWebSocket" name="test_ws_upgrade_succeeds" time="0.010" /><testcase classname="voicedesk_project.voicedesk.backend.tests.test_phase8a_voice.TestWebSocket" name="test_ws_setup_with_invalid_token_closes" time="0.002" /><testcase classname="voicedesk_project.voicedesk.backend.tests.test_phase8a_voice.TestWebSocket" name="test_ws_full_flow_setup_prompt_end" time="1.841"><failure message="IndexError: list index out of range">E   IndexError: list index out of range</failure></testcase><testcase classname="voicedesk_project.voicedesk.backend.tests.test_phase8a_voice.TestWebSocket" name="test_ws_token_is_one_shot" time="0.580" /><testcase classname="voicedesk_project.voicedesk.backend.tests.test_phase8a_voice.TestWebSocket" name="test_ws_interrupt_logs_event" time="1.923"><failure message="IndexError: list index out of range">E   IndexError: list index out of range</failure></testcase><testcase classname="voicedesk_project.voicedesk.backend.tests.test_phase8a_voice.TestWebSocket" name="test_ws_dtmf_logs_user_speaking_with_digit" time="1.832"><failure message="IndexError: list index out of range">E   IndexError: list index out of range</failure></testcase><testcase classname="voicedesk_project.voicedesk.backend.tests.test_phase8a_voice.TestWebSocket" name="test_ws_close_logs_ended_with_reason" time="1.514"><failure message="IndexError: list index out of range">E   IndexError: list index out of range</failure></testcase><testcase classname="voicedesk_project.voicedesk.backend.tests.test_phase8a_voice.TestRLSCallsListing" name="test_qa_bot_sees_its_calls" time="0.526" /></testsuite></testsuites>