<?xml version="1.0" encoding="utf-8"?><testsuites name="pytest tests"><testsuite name="pytest" errors="0" failures="1" skipped="0" tests="8" time="13.263" timestamp="2026-06-14T09:00:37.545681+00:00" hostname="agent-env-720876eb-de73-4840-91bd-19cf23fab78e"><testcase classname="tests.test_phase8b_llm.TestInboundExevori" name="test_greeting_is_lea_exevori_not_marie" time="0.553" /><testcase classname="tests.test_phase8b_llm.TestInboundExevori" name="test_call_row_persisted_for_exevori" time="1.109" /><testcase classname="tests.test_phase8b_llm.TestWebSocketLLM" name="test_ws_streaming_response_and_events" time="2.723"><failure message="AssertionError: expected token streaming, got 0 delta(s): []&#10;assert 0 &gt;= 2&#10; +  where 0 = len([])">tests/test_phase8b_llm.py:136: in test_ws_streaming_response_and_events
    assert len(deltas) &gt;= 2, f"expected token streaming, got {len(deltas)} delta(s): {deltas!r}"
E   AssertionError: expected token streaming, got 0 delta(s): []
E   assert 0 &gt;= 2
E    +  where 0 = len([])</failure></testcase><testcase classname="tests.test_phase8b_llm.TestWebSocketLLM" name="test_ws_conversation_memory_preserved" time="3.528" /><testcase classname="tests.test_phase8b_llm.TestWebSocketLLM" name="test_ws_interrupt_aborts_stream" time="3.212" /><testcase classname="tests.test_phase8b_llm.TestWebSocketLLM" name="test_ws_close_logs_ended_and_marks_call" time="1.803" /><testcase classname="tests.test_phase8b_llm.TestMemoryUnit" name="test_memory_init_get_end" time="0.024" /><testcase classname="tests.test_phase8b_llm.TestLLMFailSafe" name="test_streamchat_throws_on_placeholder_key" time="0.188" /></testsuite></testsuites>