<?xml version="1.0" encoding="utf-8"?><testsuites name="pytest tests"><testsuite name="pytest" errors="0" failures="0" skipped="0" tests="13" time="8.363" timestamp="2026-06-13T18:50:08.872180+00:00" hostname="agent-env-720876eb-de73-4840-91bd-19cf23fab78e"><testcase classname="tests.test_kb_phase_b.TestUploadEmbed" name="test_upload_returns_embeddings_ready" time="2.409" /><testcase classname="tests.test_kb_phase_b.TestUploadEmbed" name="test_get_source_has_embeddings_ready_at" time="0.338" /><testcase classname="tests.test_kb_phase_b.TestScrapeEmbed" name="test_scrape_wikipedia_embeds" time="1.375" /><testcase classname="tests.test_kb_phase_b.TestSearch" name="test_search_relevant_query" time="0.367" /><testcase classname="tests.test_kb_phase_b.TestSearch" name="test_search_empty_query" time="0.171" /><testcase classname="tests.test_kb_phase_b.TestSearch" name="test_search_missing_company_id" time="0.154" /><testcase classname="tests.test_kb_phase_b.TestSearch" name="test_search_unknown_company_returns_empty" time="0.669" /><testcase classname="tests.test_kb_phase_b.TestReembed" name="test_reembed_ok" time="0.854" /><testcase classname="tests.test_kb_phase_b.TestReembed" name="test_reembed_wrong_tenant_403" time="0.226" /><testcase classname="tests.test_kb_phase_b.TestReembed" name="test_reembed_not_found_404" time="0.218" /><testcase classname="tests.test_kb_phase_b.TestAuthRequired" name="test_search_without_auth_401" time="0.148" /><testcase classname="tests.test_kb_phase_b.TestAuthRequired" name="test_reembed_without_auth_401" time="0.145" /><testcase classname="tests.test_kb_phase_b.TestAuthRequired" name="test_list_without_auth_401" time="1.135" /></testsuite></testsuites>