<?xml version="1.0" encoding="utf-8"?><testsuites name="pytest tests"><testsuite name="pytest" errors="0" failures="0" skipped="0" tests="14" time="10.017" timestamp="2026-06-14T00:05:23.594134+00:00" hostname="agent-env-720876eb-de73-4840-91bd-19cf23fab78e"><testcase classname="backend.tests.test_kb_bonus_phase.TestManualSourceCreate" name="test_create_manual_source_success" time="2.000" /><testcase classname="backend.tests.test_kb_bonus_phase.TestManualSourceCreate" name="test_create_manual_content_too_short" time="0.274" /><testcase classname="backend.tests.test_kb_bonus_phase.TestManualSourceCreate" name="test_create_manual_content_too_long" time="0.215" /><testcase classname="backend.tests.test_kb_bonus_phase.TestManualSourceCreate" name="test_create_manual_missing_company_id" time="0.192" /><testcase classname="backend.tests.test_kb_bonus_phase.TestManualSourceCreate" name="test_create_manual_missing_name" time="0.188" /><testcase classname="backend.tests.test_kb_bonus_phase.TestManualSourceCreate" name="test_create_manual_missing_content" time="0.201" /><testcase classname="backend.tests.test_kb_bonus_phase.TestManualSourceCreate" name="test_create_manual_no_token" time="0.110" /><testcase classname="backend.tests.test_kb_bonus_phase.TestPatchChunk" name="test_patch_chunk_success_and_persistence" time="2.502" /><testcase classname="backend.tests.test_kb_bonus_phase.TestPatchChunk" name="test_patch_updates_source_embeddings_ready_at" time="0.297" /><testcase classname="backend.tests.test_kb_bonus_phase.TestPatchChunk" name="test_patch_chunk_content_too_short" time="0.164" /><testcase classname="backend.tests.test_kb_bonus_phase.TestPatchChunk" name="test_patch_chunk_content_too_long" time="0.176" /><testcase classname="backend.tests.test_kb_bonus_phase.TestPatchChunk" name="test_patch_chunk_not_found" time="0.231" /><testcase classname="backend.tests.test_kb_bonus_phase.TestPatchChunk" name="test_patch_chunk_wrong_tenant" time="0.273" /><testcase classname="backend.tests.test_kb_bonus_phase.TestPatchChunk" name="test_patch_chunk_search_returns_updated_content" time="3.003" /></testsuite></testsuites>