<?xml version="1.0" encoding="utf-8"?><testsuites name="pytest tests"><testsuite name="pytest" errors="0" failures="0" skipped="0" tests="15" time="15.746" timestamp="2026-06-14T08:19:43.178080+00:00" hostname="agent-env-720876eb-de73-4840-91bd-19cf23fab78e"><testcase classname="tests.test_phase8a_voice.TestInboundWebhook" name="test_inbound_unknown_number_returns_hangup" time="0.468" /><testcase classname="tests.test_phase8a_voice.TestInboundWebhook" name="test_inbound_configured_number_returns_connect_relay" time="0.282" /><testcase classname="tests.test_phase8a_voice.TestInboundWebhook" name="test_inbound_creates_call_row_and_started_event" time="1.085" /><testcase classname="tests.test_phase8a_voice.TestStatusWebhook" name="test_status_completed_marks_ended" time="1.643" /><testcase classname="tests.test_phase8a_voice.TestStatusWebhook" name="test_status_ringing_sets_live_status" time="1.366" /><testcase classname="tests.test_phase8a_voice.TestStatusWebhook" name="test_status_failed_marks_failed_and_error_event" time="1.573" /><testcase classname="tests.test_phase8a_voice.TestRelayAction" name="test_relay_action_returns_hangup" time="0.002" /><testcase classname="tests.test_phase8a_voice.TestWebSocket" name="test_ws_upgrade_succeeds" time="0.012" /><testcase classname="tests.test_phase8a_voice.TestWebSocket" name="test_ws_setup_with_invalid_token_closes" time="0.003" /><testcase classname="tests.test_phase8a_voice.TestWebSocket" name="test_ws_full_flow_setup_prompt_end" time="2.040" /><testcase classname="tests.test_phase8a_voice.TestWebSocket" name="test_ws_token_is_one_shot" time="0.643" /><testcase classname="tests.test_phase8a_voice.TestWebSocket" name="test_ws_interrupt_logs_event" time="2.121" /><testcase classname="tests.test_phase8a_voice.TestWebSocket" name="test_ws_dtmf_logs_user_speaking_with_digit" time="2.014" /><testcase classname="tests.test_phase8a_voice.TestWebSocket" name="test_ws_close_logs_ended_with_reason" time="1.662" /><testcase classname="tests.test_phase8a_voice.TestRLSCallsListing" name="test_qa_bot_sees_its_calls" time="0.738" /></testsuite></testsuites>