<?xml version="1.0" encoding="utf-8"?><testsuites name="pytest tests"><testsuite name="pytest" errors="0" failures="0" skipped="0" tests="14" time="7.730" timestamp="2026-06-13T17:35:03.492535+00:00" hostname="agent-env-720876eb-de73-4840-91bd-19cf23fab78e"><testcase classname="voicedesk_project.voicedesk.backend.tests.test_kb_phase_a.TestListSources" name="test_list_requires_company_id" time="0.888" /><testcase classname="voicedesk_project.voicedesk.backend.tests.test_kb_phase_a.TestListSources" name="test_list_with_company_id" time="0.238" /><testcase classname="voicedesk_project.voicedesk.backend.tests.test_kb_phase_a.TestUpload" name="test_upload_txt_success" time="1.043" /><testcase classname="voicedesk_project.voicedesk.backend.tests.test_kb_phase_a.TestUpload" name="test_upload_missing_company_id" time="0.196" /><testcase classname="voicedesk_project.voicedesk.backend.tests.test_kb_phase_a.TestUpload" name="test_upload_unsupported_mime" time="0.146" /><testcase classname="voicedesk_project.voicedesk.backend.tests.test_kb_phase_a.TestScrape" name="test_scrape_url_success" time="0.527" /><testcase classname="voicedesk_project.voicedesk.backend.tests.test_kb_phase_a.TestScrape" name="test_scrape_invalid_url" time="0.179" /><testcase classname="voicedesk_project.voicedesk.backend.tests.test_kb_phase_a.TestScrape" name="test_scrape_non_http" time="0.150" /><testcase classname="voicedesk_project.voicedesk.backend.tests.test_kb_phase_a.TestScrape" name="test_scrape_missing_url" time="0.155" /><testcase classname="voicedesk_project.voicedesk.backend.tests.test_kb_phase_a.TestGetDeleteIsolation" name="test_get_source_detail" time="0.277" /><testcase classname="voicedesk_project.voicedesk.backend.tests.test_kb_phase_a.TestGetDeleteIsolation" name="test_get_source_not_found" time="0.204" /><testcase classname="voicedesk_project.voicedesk.backend.tests.test_kb_phase_a.TestGetDeleteIsolation" name="test_delete_source" time="2.374" /><testcase classname="voicedesk_project.voicedesk.backend.tests.test_kb_phase_a.TestGetDeleteIsolation" name="test_tenant_isolation_unrelated_company" time="0.203" /><testcase classname="voicedesk_project.voicedesk.backend.tests.test_kb_phase_a.TestGetDeleteIsolation" name="test_no_auth_token_required" time="0.966" /></testsuite></testsuites>