<?xml version="1.0" encoding="utf-8"?><testsuites name="pytest tests"><testsuite name="pytest" errors="0" failures="1" skipped="0" tests="8" time="17.519" timestamp="2026-06-14T09:09:32.284068+00:00" hostname="agent-env-720876eb-de73-4840-91bd-19cf23fab78e"><testcase classname="tests.test_phase8b_llm.TestInboundExevori" name="test_greeting_is_lea_exevori_not_marie" time="0.418" /><testcase classname="tests.test_phase8b_llm.TestInboundExevori" name="test_call_row_persisted_for_exevori" time="1.110" /><testcase classname="tests.test_phase8b_llm.TestWebSocketLLM" name="test_ws_streaming_response_and_events" time="6.508"><failure message="AssertionError: first-token slow: 4671 ms&#10;assert 4671 &lt; 3000">tests/test_phase8b_llm.py:160: in test_ws_streaming_response_and_events
    assert first_token_evs[0]["ts_ms"] &lt; 3000, f"first-token slow: {first_token_evs[0]['ts_ms']} ms"
E   AssertionError: first-token slow: 4671 ms
E   assert 4671 &lt; 3000</failure></testcase><testcase classname="tests.test_phase8b_llm.TestWebSocketLLM" name="test_ws_conversation_memory_preserved" time="4.355" /><testcase classname="tests.test_phase8b_llm.TestWebSocketLLM" name="test_ws_interrupt_aborts_stream" time="3.138" /><testcase classname="tests.test_phase8b_llm.TestWebSocketLLM" name="test_ws_close_logs_ended_and_marks_call" time="1.722" /><testcase classname="tests.test_phase8b_llm.TestMemoryUnit" name="test_memory_init_get_end" time="0.024" /><testcase classname="tests.test_phase8b_llm.TestLLMFailSafe" name="test_streamchat_throws_on_placeholder_key" time="0.160" /></testsuite></testsuites>